<?xml version="1.0" encoding="UTF-8"?>
<!-- Generated by org.testng.reporters.JUnitReportReporter -->
<testsuite hostname="DESKTOP-CPO3MHB" failures="0" tests="1" name="test.TestNg1" time="0.009" errors="0" timestamp="2022-11-16T14:54:59 IST" skipped="0">
  <testcase classname="test.TestNg1" name="Demo1" time="0.009"/>
  <system-out/>
</testsuite> <!-- test.TestNg1 -->
