<?xml version="1.0" encoding="UTF-8"?>
<!-- Generated by org.testng.reporters.JUnitReportReporter -->
<testsuite hostname="DESKTOP-CPO3MHB" failures="0" tests="8" name="Testng3" time="0.078" errors="0" timestamp="2022-11-16T14:54:58 IST" skipped="1">
  <testcase classname="Testng3" name="carloan3" time="0.004"/>
  <system-out/>
  <testcase classname="Testng3" name="mobileLogin" time="0.002"/>
  <system-out/>
  <testcase classname="Testng3" name="mobilelogout" time="0.055"/>
  <system-out/>
  <testcase classname="Testng3" name="carloan3" time="0.002"/>
  <system-out/>
  <testcase classname="Testng3" name="carloan3" time="0.002"/>
  <system-out/>
  <testcase classname="Testng3" name="Login2carloan" time="0.002"/>
  <system-out/>
  <testcase classname="Testng3" name="Logincarloan" time="0.011"/>
  <system-out/>
  <testcase classname="Testng3" name="Login1carloan">
    <skipped/>
  </testcase> <!-- Login1carloan -->
  <system-out/>
</testsuite> <!-- Testng3 -->
