<?xml version="1.0" encoding="UTF-8"?>
<!-- Generated by org.testng.reporters.JUnitReportReporter -->
<testsuite hostname="DESKTOP-CPO3MHB" failures="0" tests="2" name="TestNg1" time="0.014" errors="0" timestamp="2022-11-15T13:15:19 IST" skipped="0">
  <testcase classname="TestNg1" name="Demo" time="0.012"/>
  <system-out/>
  <testcase classname="TestNg1" name="Demo1" time="0.002"/>
  <system-out/>
</testsuite> <!-- TestNg1 -->
