<?xml version="1.0" encoding="UTF-8"?>
<!-- Generated by org.testng.reporters.JUnitReportReporter -->
<testsuite hostname="DESKTOP-CPO3MHB" failures="0" tests="3" name="test.Testng4" time="0.004" errors="0" timestamp="2022-11-16T14:54:58 IST" skipped="0">
  <testcase classname="test.Testng4" name="personalloan" time="0.002"/>
  <system-out/>
  <testcase classname="test.Testng4" name="PL2" time="0.001"/>
  <system-out/>
  <testcase classname="test.Testng4" name="PL1" time="0.001"/>
  <system-out/>
</testsuite> <!-- test.Testng4 -->
