<?xml version="1.0" encoding="UTF-8"?>
<!-- Generated by org.testng.reporters.JUnitReportReporter -->
<testsuite hostname="DESKTOP-CPO3MHB" failures="0" tests="3" name="TestNg2" time="0.022" errors="0" timestamp="2022-11-16T14:54:59 IST" skipped="0">
  <testcase classname="TestNg2" name="Shopping" time="0.010"/>
  <system-out/>
  <testcase classname="TestNg2" name="MobileSignin" time="0.010"/>
  <system-out/>
  <testcase classname="TestNg2" name="MobileSIgnout" time="0.002"/>
  <system-out/>
</testsuite> <!-- TestNg2 -->
